2025-09-15 12:01:05 Status 200 : OK
2025-09-15 12:01:06 Error 500 : Internal Server Error
2025-09-15 12:01:07 Status 201 : Created
2025-09-15 12:01:08 Error 403 : Forbidden
2025-09-15 12:01:09 Status 202 : Accepted
2025-09-15 12:01:10 Error 401 : Unauthorized
2025-09-15 12:01:11 Status 204 : No Content
2025-09-15 12:01:12 Error 502 : Bad Gateway
2025-09-15 12:01:13 Status 206 : Partial Content
2025-09-15 12:01:14 Error 408 : Request Timeout
2025-09-15 12:01:15 Status 301 : Moved Permanently
2025-09-15 12:01:16 Error 503 : Service Unavailable
2025-09-15 12:01:17 Status 302 : Found
2025-09-15 12:01:18 Error 504 : Gateway Timeout
2025-09-15 12:01:19 Status 304 : Not Modified
2025-09-15 12:01:20 Error 400 : Bad Request
2025-09-15 12:01:21 Status 307 : Temporary Redirect
2025-09-15 12:01:22 Error 429 : Too Many Requests
2025-09-15 12:01:23 Status 308 : Permanent Redirect
2025-09-15 12:01:24 Error 410 : Gone